<?xml version="1.0" encoding="UTF-8"?>
<!-- Generated by org.testng.reporters.JUnitReportReporter -->
<testsuite hostname="RAYAN" failures="0" tests="1" name="TestRunner.runner" time="9.140" errors="0" timestamp="2023-08-31T00:07:59 EDT" skipped="0">
  <testcase classname="TestRunner.runner" name="feature" time="9.140"/>
</testsuite> <!-- TestRunner.runner -->
